2023-09-05 09:01:36,466 : INFO : tests.test_O3 :execution started
2023-09-05 09:01:45,849 : INFO : tests.test_O3 :Enterd recuirtment page
2023-09-05 09:10:54,973 : INFO : tests.test_O3 :execution started
2023-09-05 09:11:04,418 : INFO : tests.test_O3 :Enterd recuirtment page
2023-09-05 09:11:39,925 : INFO : tests.test_O3 :execution started
2023-09-05 09:11:48,141 : INFO : tests.test_O3 :Enterd recuirtment page
2023-09-05 09:15:27,501 : INFO : tests.test_O3 :execution started
2023-09-05 09:15:37,002 : INFO : tests.test_O3 :Enterd recuirtment page
2023-09-05 09:16:55,375 : INFO : tests.test_O3 :execution started
2023-09-05 09:17:04,872 : INFO : tests.test_O3 :Enterd recuirtment page
2023-09-05 09:18:15,319 : INFO : tests.test_O3 :execution started
2023-09-05 09:18:24,857 : INFO : tests.test_O3 :Enterd recuirtment page
2023-09-05 09:20:19,923 : INFO : tests.test_O3 :execution started
2023-09-05 09:20:50,064 : INFO : tests.test_O3 :execution started
2023-09-05 09:20:58,288 : INFO : tests.test_O3 :Enterd recuirtment page
2023-09-05 09:21:51,465 : INFO : tests.test_O3 :execution started
2023-09-05 09:21:59,682 : INFO : tests.test_O3 :Enterd recuirtment page
2023-09-05 09:27:35,497 : INFO : tests.test_O3 :execution started
2023-09-05 09:27:45,103 : INFO : tests.test_O3 :Enterd recuirtment page
2023-09-05 10:07:55,566 : INFO : tests.test_O3 :execution started
2023-09-05 10:08:03,781 : INFO : tests.test_O3 :Enterd recuirtment page
2023-09-05 10:08:38,775 : INFO : tests.test_O3 :execution started
2023-09-05 10:08:48,545 : INFO : tests.test_O3 :Enterd recuirtment page
2023-09-05 10:09:48,838 : INFO : tests.test_O3 :execution started
2023-09-05 10:09:57,069 : INFO : tests.test_O3 :Enterd recuirtment page
2023-09-05 10:13:44,282 : INFO : tests.test_O3 :execution started
2023-09-05 10:13:52,500 : INFO : tests.test_O3 :Enterd recuirtment page
2023-09-05 10:15:40,264 : INFO : tests.test_O3 :execution started
2023-09-05 10:15:49,706 : INFO : tests.test_O3 :Enterd recuirtment page
2023-09-05 10:20:10,081 : INFO : tests.test_O3 :execution started
2023-09-05 10:20:19,605 : INFO : tests.test_O3 :Enterd recuirtment page
2023-09-05 11:01:05,049 : INFO : tests.test_O3 :execution started
2023-09-05 11:01:13,273 : INFO : tests.test_O3 :Enterd recuirtment page
2023-09-05 11:02:16,073 : INFO : tests.test_O3 :execution started
2023-09-05 11:02:24,287 : INFO : tests.test_O3 :Enterd recuirtment page
2023-09-05 11:44:17,514 : INFO : tests.test_O3 :execution started
2023-09-05 11:44:26,916 : INFO : tests.test_O3 :Enterd recuirtment page
2023-09-05 11:45:51,123 : INFO : tests.test_O3 :execution started
2023-09-05 11:46:00,553 : INFO : tests.test_O3 :Enterd recuirtment page
2023-09-05 14:16:54,547 : INFO : tests.test_O3 :execution started
2023-09-05 14:17:02,767 : INFO : tests.test_O3 :Enterd recuirtment page
2023-09-05 14:33:10,693 : INFO : tests.test_O3 :execution started
2023-09-05 14:33:19,964 : INFO : tests.test_O3 :Enterd recuirtment page
2023-09-05 14:33:56,263 : INFO : tests.test_O3 :execution started
2023-09-05 14:34:05,664 : INFO : tests.test_O3 :Enterd recuirtment page
2023-09-05 14:34:46,972 : INFO : tests.test_O3 :execution started
2023-09-05 14:34:55,230 : INFO : tests.test_O3 :Enterd recuirtment page
2023-09-05 14:38:58,290 : INFO : tests.test_O3 :execution started
2023-09-05 14:39:06,519 : INFO : tests.test_O3 :Enterd recuirtment page
2023-09-05 14:39:35,510 : INFO : tests.test_O3 :execution started
2023-09-05 14:39:43,748 : INFO : tests.test_O3 :Enterd recuirtment page
2023-09-05 18:17:05,198 : INFO : tests.test_O3 :execution started
2023-09-05 18:17:05,853 : INFO : tests.test_O3 :Enterd recuirtment page
2023-09-05 18:18:31,479 : INFO : tests.test_O3 :execution started
2023-09-05 18:18:33,449 : INFO : tests.test_O3 :Enterd recuirtment page
2023-09-05 18:19:07,841 : INFO : tests.test_O3 :execution started
2023-09-05 18:19:08,435 : INFO : tests.test_O3 :Enterd recuirtment page
2023-09-05 18:19:34,940 : INFO : tests.test_O3 :execution started
2023-09-05 18:19:36,788 : INFO : tests.test_O3 :Enterd recuirtment page
2023-09-05 18:24:59,133 : INFO : tests.test_O3 :execution started
2023-09-05 18:25:00,805 : INFO : tests.test_O3 :Enterd recuirtment page
2023-09-05 18:26:05,135 : INFO : tests.test_O3 :execution started
2023-09-05 18:26:05,714 : INFO : tests.test_O3 :Enterd recuirtment page
2023-09-05 18:28:47,708 : INFO : tests.test_O3 :execution started
2023-09-05 18:28:49,460 : INFO : tests.test_O3 :Enterd recuirtment page
2023-09-05 18:29:53,177 : INFO : tests.test_O3 :execution started
2023-09-05 18:29:53,712 : INFO : tests.test_O3 :Enterd recuirtment page
2023-09-05 18:31:43,838 : INFO : tests.test_O3 :execution started
2023-09-05 18:31:44,499 : INFO : tests.test_O3 :Enterd recuirtment page
2023-09-05 18:32:20,208 : INFO : tests.test_O3 :execution started
2023-09-05 18:32:20,803 : INFO : tests.test_O3 :Enterd recuirtment page
2023-09-05 18:33:15,443 : INFO : tests.test_O3 :execution started
2023-09-05 18:33:16,003 : INFO : tests.test_O3 :Enterd recuirtment page
2023-09-05 18:33:52,272 : INFO : tests.test_O3 :execution started
2023-09-05 18:33:54,057 : INFO : tests.test_O3 :Enterd recuirtment page
2023-09-05 18:35:31,140 : INFO : tests.test_O3 :execution started
2023-09-05 18:35:32,815 : INFO : tests.test_O3 :Enterd recuirtment page
2023-09-05 18:36:01,176 : INFO : tests.test_O3 :execution started
2023-09-05 18:36:03,238 : INFO : tests.test_O3 :Enterd recuirtment page
2023-09-05 18:37:53,304 : INFO : tests.test_O3 :execution started
2023-09-05 18:37:55,007 : INFO : tests.test_O3 :Enterd recuirtment page
2023-09-05 18:38:49,677 : INFO : tests.test_O3 :execution started
2023-09-05 18:38:50,260 : INFO : tests.test_O3 :Enterd recuirtment page
2023-09-06 00:41:22,216 : INFO : tests.test_O3 :execution started
2023-09-06 00:41:22,747 : INFO : tests.test_O3 :Enterd recuirtment page
2023-09-06 00:41:50,768 : INFO : tests.test_O3 :execution started
2023-09-06 00:41:51,344 : INFO : tests.test_O3 :Enterd recuirtment page
2023-09-06 00:42:42,428 : INFO : tests.test_O3 :execution started
2023-09-06 00:42:44,193 : INFO : tests.test_O3 :Enterd recuirtment page
2023-09-06 00:45:40,721 : INFO : tests.test_O3 :Execution started
2023-09-06 00:45:41,321 : INFO : tests.test_O3 :Entered recruitment page
2023-09-06 00:45:56,153 : INFO : tests.test_O3 :Compared Successfully
2023-09-06 00:46:00,213 : INFO : tests.test_O3 :Reseted Successfully
2023-09-06 01:00:44,178 : INFO : tests.test_O3 :Execution started
2023-09-06 01:00:44,738 : INFO : tests.test_O3 :Entered recruitment page
2023-09-06 02:00:38,199 : INFO : tests.test_O3 :Execution started
2023-09-06 02:00:38,781 : INFO : tests.test_O3 :Entered recruitment page
